1516331356840	geckodriver	INFO	Listening on 127.0.0.1:53852
1516331358884	geckodriver::marionette	INFO	Starting browser \\?\C:\Program Files (x86)\Mozilla Firefox\firefox.exe with args ["-marionette"]
1516331359431	addons.manager	ERROR	startup failed: [Exception... "Component returned failure code: 0x80070057 (NS_ERROR_ILLEGAL_VALUE) [nsIFile.create]"  nsresult: "0x80070057 (NS_ERROR_ILLEGAL_VALUE)"  location: "JS frame :: resource://gre/modules/FileUtils.jsm :: FileUtils_getDir :: line 70"  data: no] Stack trace: FileUtils_getDir()@resource://gre/modules/FileUtils.jsm:70 < FileUtils_getFile()@resource://gre/modules/FileUtils.jsm:42 < AddonManagerInternal.validateBlocklist()@resource://gre/modules/AddonManager.jsm:700 < AddonManagerInternal.startup()@resource://gre/modules/AddonManager.jsm:870 < this.AddonManagerPrivate.startup()@resource://gre/modules/AddonManager.jsm:3033 < amManager.prototype.observe()@resource://gre/components/addonManager.js:65
JavaScript error: resource://gre/modules/AddonManager.jsm, line 1677: NS_ERROR_NOT_INITIALIZED: AddonManager is not initialized
1516331360764	Marionette	INFO	Listening on port 53858
1516331361022	Marionette	WARN	TLS certificate errors will be ignored for this session
JavaScript error: resource://gre/modules/AddonManager.jsm, line 2585: NS_ERROR_NOT_INITIALIZED: AddonManager is not initialized
JavaScript error: resource://gre/modules/FileUtils.jsm, line 70: NS_ERROR_ILLEGAL_VALUE: Component returned failure code: 0x80070057 (NS_ERROR_ILLEGAL_VALUE) [nsIFile.create]
JavaScript error: resource://app/modules/WindowsJumpLists.jsm, line 403: NS_ERROR_FILE_NOT_FOUND: Component returned failure code: 0x80520012 (NS_ERROR_FILE_NOT_FOUND) [nsIJumpListShortcut.app]
JavaScript error: resource://app/modules/WindowsJumpLists.jsm, line 403: NS_ERROR_FILE_NOT_FOUND: Component returned failure code: 0x80520012 (NS_ERROR_FILE_NOT_FOUND) [nsIJumpListShortcut.app]
JavaScript error: resource://app/modules/WindowsJumpLists.jsm, line 403: NS_ERROR_FILE_NOT_FOUND: Component returned failure code: 0x80520012 (NS_ERROR_FILE_NOT_FOUND) [nsIJumpListShortcut.app]
JavaScript error: https://login.taobao.com/jump?target=https://www.tmall.com, line 26: SyntaxError: expected expression, got '<'
JavaScript warning: https://g.alicdn.com/kissy/k/1.4.14/??event-min.js,anim-min.js,anim/base-min.js,anim/timer-min.js,anim/transition-min.js,base-min.js,attribute-min.js,node-min.js,cookie-min.js,overlay-min.js,component/container-min.js,component/control-min.js,component/manager-min.js,xtemplate/runtime-min.js,component/extension/shim-min.js,component/extension/align-min.js,component/extension/content-xtpl-min.js,component/extension/content-render-min.js,xtemplate-min.js,xtemplate/compiler-min.js, line 71: Using //@ to indicate sourceURL pragmas is deprecated. Use //# instead
JavaScript warning: https://g.alicdn.com/kissy/k/1.4.14/??event-min.js,anim-min.js,anim/base-min.js,anim/timer-min.js,anim/transition-min.js,base-min.js,attribute-min.js,node-min.js,cookie-min.js,overlay-min.js,component/container-min.js,component/control-min.js,component/manager-min.js,xtemplate/runtime-min.js,component/extension/shim-min.js,component/extension/align-min.js,component/extension/content-xtpl-min.js,component/extension/content-render-min.js,xtemplate-min.js,xtemplate/compiler-min.js, line 85: Using //@ to indicate sourceURL pragmas is deprecated. Use //# instead
JavaScript error: https://shop145889357.taobao.com/category-1186469936.htm?spm=a1z10.1-c.w137645-13414931798.3.637b7692UHfuBi&search=y&catName=%CC%C7%B9%FB, line 399: ReferenceError: TB is not defined
JavaScript error: resource://app/modules/WindowsJumpLists.jsm, line 403: NS_ERROR_FILE_NOT_FOUND: Component returned failure code: 0x80520012 (NS_ERROR_FILE_NOT_FOUND) [nsIJumpListShortcut.app]
JavaScript error: https://shop145889357.taobao.com/category-1186469936.htm?spm=a1z10.5-c.w4002-13314504458.94.4c375b07NNCTIP&_ksTS=1516331832066_204&callback=jsonp205&mid=w-13314504458-0&wid=13314504458&path=%2Fcategory-1186469936.htm&search=y&catName=%CC%C7%B9%FB&catId=1186469936&pageNo=2#anchor, line 399: ReferenceError: TB is not defined
JavaScript error: resource://gre/modules/AddonManager.jsm, line 1434: NS_ERROR_NOT_INITIALIZED: AddonManager is not initialized
JavaScript warning: https://g.alicdn.com/kissy/k/1.4.14/??event-min.js,anim-min.js,anim/base-min.js,anim/timer-min.js,anim/transition-min.js,base-min.js,attribute-min.js,node-min.js,cookie-min.js,overlay-min.js,component/container-min.js,component/control-min.js,component/manager-min.js,xtemplate/runtime-min.js,component/extension/shim-min.js,component/extension/align-min.js,component/extension/content-xtpl-min.js,component/extension/content-render-min.js,xtemplate-min.js,xtemplate/compiler-min.js, line 71: Using //@ to indicate sourceURL pragmas is deprecated. Use //# instead
JavaScript warning: https://g.alicdn.com/kissy/k/1.4.14/??event-min.js,anim-min.js,anim/base-min.js,anim/timer-min.js,anim/transition-min.js,base-min.js,attribute-min.js,node-min.js,cookie-min.js,overlay-min.js,component/container-min.js,component/control-min.js,component/manager-min.js,xtemplate/runtime-min.js,component/extension/shim-min.js,component/extension/align-min.js,component/extension/content-xtpl-min.js,component/extension/content-render-min.js,xtemplate-min.js,xtemplate/compiler-min.js, line 85: Using //@ to indicate sourceURL pragmas is deprecated. Use //# instead
JavaScript error: https://shop145889357.taobao.com/category-1186469937.htm?spm=a1z10.5-c.w4010-13314504457.10.93e5be7yEHpCw&search=y&catName=%B9%DE%CD%B7#bd, line 399: ReferenceError: TB is not defined
JavaScript error: https://shop145889357.taobao.com/category-1248022116.htm?spm=a1z10.5-c.w4010-13314504457.28.6bd8bd4cTBB1s5&search=y&catName=%BE%C6#bd, line 399: ReferenceError: TB is not defined
JavaScript error: https://shop145889357.taobao.com/category-1186469934.htm?spm=a1z10.5-c.w4010-13314504457.7.774217e39pahIY&search=y&catName=%CC%E1%C0%AD%C3%D7%CB%D5#bd, line 399: ReferenceError: TB is not defined
JavaScript error: https://shop145889357.taobao.com/category-1186469946.htm?spm=a1z10.5-c.w4010-13314504457.19.676f5c1fSKy9Hx&search=y&catName=%B6%ED%C2%DE%CB%B9%CF%E3%B3%A6#bd, line 399: ReferenceError: TB is not defined
JavaScript error: https://shop145889357.taobao.com/category-1186469941.htm?spm=a1z10.5-c.w4010-13314504457.14.17388ad1HsyBJa&search=y&catName=%B4%D6%C1%B8#bd, line 399: ReferenceError: TB is not defined
JavaScript error: https://shop145889357.taobao.com/category-1186469940.htm?spm=a1z10.5-c.w4010-13314504457.13.43d4671aASzCRv&search=y&catName=%BA%A3%CF%CA#bd, line 399: ReferenceError: TB is not defined
JavaScript error: https://shop145889357.taobao.com/category-1186469935.htm?spm=a1z10.5-c.w4010-13314504457.8.37ae7f81MXH8W8&search=y&catName=%C7%C9%BF%CB%C1%A6#bd, line 399: ReferenceError: TB is not defined
JavaScript error: resource://app/modules/WindowsJumpLists.jsm, line 403: NS_ERROR_FILE_NOT_FOUND: Component returned failure code: 0x80520012 (NS_ERROR_FILE_NOT_FOUND) [nsIJumpListShortcut.app]
*************************
A coding exception was thrown and uncaught in a Task.

Full message: TypeError: NetworkError when attempting to fetch resource.
Full stack: 
*************************
JavaScript error: resource://app/modules/WindowsJumpLists.jsm, line 403: NS_ERROR_FILE_NOT_FOUND: Component returned failure code: 0x80520012 (NS_ERROR_FILE_NOT_FOUND) [nsIJumpListShortcut.app]
JavaScript error: resource://app/modules/WindowsJumpLists.jsm, line 403: NS_ERROR_FILE_NOT_FOUND: Component returned failure code: 0x80520012 (NS_ERROR_FILE_NOT_FOUND) [nsIJumpListShortcut.app]
JavaScript error: resource://app/modules/WindowsJumpLists.jsm, line 403: NS_ERROR_FILE_NOT_FOUND: Component returned failure code: 0x80520012 (NS_ERROR_FILE_NOT_FOUND) [nsIJumpListShortcut.app]
JavaScript error: resource://app/modules/WindowsJumpLists.jsm, line 403: NS_ERROR_FILE_NOT_FOUND: Component returned failure code: 0x80520012 (NS_ERROR_FILE_NOT_FOUND) [nsIJumpListShortcut.app]
JavaScript error: resource://app/modules/WindowsJumpLists.jsm, line 403: NS_ERROR_FILE_NOT_FOUND: Component returned failure code: 0x80520012 (NS_ERROR_FILE_NOT_FOUND) [nsIJumpListShortcut.app]

###!!! [Parent][RunMessage] Error: Channel closing: too late to send/recv, messages will be lost

1563245760119	geckodriver	INFO	Listening on 127.0.0.1:58370
1563245763256	geckodriver::marionette	INFO	Starting browser \\?\D:\Program Files (x86)\Mozilla Firefox\firefox.exe with args ["-marionette"]
1563245764673	addons.manager	ERROR	startup failed: [Exception... "Component returned failure code: 0x80070057 (NS_ERROR_ILLEGAL_VALUE) [nsIFile.create]"  nsresult: "0x80070057 (NS_ERROR_ILLEGAL_VALUE)"  location: "JS frame :: resource://gre/modules/FileUtils.jsm :: FileUtils_getDir :: line 70"  data: no] Stack trace: FileUtils_getDir()@resource://gre/modules/FileUtils.jsm:70 < FileUtils_getFile()@resource://gre/modules/FileUtils.jsm:42 < AddonManagerInternal.validateBlocklist()@resource://gre/modules/AddonManager.jsm:700 < AddonManagerInternal.startup()@resource://gre/modules/AddonManager.jsm:870 < this.AddonManagerPrivate.startup()@resource://gre/modules/AddonManager.jsm:3033 < amManager.prototype.observe()@resource://gre/components/addonManager.js:65
JavaScript error: resource://gre/modules/AddonManager.jsm, line 1677: NS_ERROR_NOT_INITIALIZED: AddonManager is not initialized
1563245766174	Marionette	INFO	Listening on port 58379
1563245766602	Marionette	WARN	TLS certificate errors will be ignored for this session
JavaScript error: resource://gre/modules/AddonManager.jsm, line 2585: NS_ERROR_NOT_INITIALIZED: AddonManager is not initialized
JavaScript error: resource://gre/modules/FileUtils.jsm, line 70: NS_ERROR_ILLEGAL_VALUE: Component returned failure code: 0x80070057 (NS_ERROR_ILLEGAL_VALUE) [nsIFile.create]
1563245828486	geckodriver	INFO	Listening on 127.0.0.1:58444
1563245831619	geckodriver::marionette	INFO	Starting browser \\?\D:\Program Files (x86)\Mozilla Firefox\firefox.exe with args ["-marionette"]
1563245832463	addons.manager	ERROR	startup failed: [Exception... "Component returned failure code: 0x80070057 (NS_ERROR_ILLEGAL_VALUE) [nsIFile.create]"  nsresult: "0x80070057 (NS_ERROR_ILLEGAL_VALUE)"  location: "JS frame :: resource://gre/modules/FileUtils.jsm :: FileUtils_getDir :: line 70"  data: no] Stack trace: FileUtils_getDir()@resource://gre/modules/FileUtils.jsm:70 < FileUtils_getFile()@resource://gre/modules/FileUtils.jsm:42 < AddonManagerInternal.validateBlocklist()@resource://gre/modules/AddonManager.jsm:700 < AddonManagerInternal.startup()@resource://gre/modules/AddonManager.jsm:870 < this.AddonManagerPrivate.startup()@resource://gre/modules/AddonManager.jsm:3033 < amManager.prototype.observe()@resource://gre/components/addonManager.js:65
JavaScript error: resource://gre/modules/AddonManager.jsm, line 1677: NS_ERROR_NOT_INITIALIZED: AddonManager is not initialized
1563245833794	Marionette	INFO	Listening on port 58453
1563245834883	Marionette	WARN	TLS certificate errors will be ignored for this session
JavaScript error: resource://gre/modules/AddonManager.jsm, line 2585: NS_ERROR_NOT_INITIALIZED: AddonManager is not initialized
JavaScript error: resource://gre/modules/FileUtils.jsm, line1563245872087	geckodriver::marionette	INFO	Starting browser \\?\D:\Program Files (x86)\Mozilla Firefox\firefox.exe with args ["-marionette"]
1563245873489	addons.manager	ERROR	startup failed: [Exception... "Component returned failure code: 0x80070057 (NS_ERROR_ILLEGAL_VALUE) [nsIFile.create]"  nsresult: "0x80070057 (NS_ERROR_ILLEGAL_VALUE)"  location: "JS frame :: resource://gre/modules/FileUtils.jsm :: FileUtils_getDir :: line 70"  data: no] Stack trace: FileUtils_getDir()@resource://gre/modules/FileUtils.jsm:70 < FileUtils_getFile()@resource://gre/modules/FileUtils.jsm:42 < AddonManagerInternal.validateBlocklist()@resource://gre/modules/AddonManager.jsm:700 < AddonManagerInternal.startup()@resource://gre/modules/AddonManager.jsm:870 < this.AddonManagerPrivate.startup()@resource://gre/modules/AddonManager.jsm:3033 < amManager.prototype.observe()@resource://gre/components/addonManager.js:65
JavaScript error: resource://gre/modules/AddonManager.jsm, line 1677: NS_ERROR_NOT_INITIALIZED: AddonManager is not initialized
1563245875092	Marionette	INFO	Listening on port 58520
1563245875360	Marionette	WARN	TLS certificate errors will be ignored for this session
JavaScript error: resource://gre/modules/AddonManager.jsm, line 2585: NS_ERROR_NOT_INITIALIZED: AddonManager is not initialized
JavaScript error: resource://gre/modules/FileUtils.jsm, line1563245928117	geckodriver::marionette	INFO	Starting browser \\?\D:\Program Files (x86)\Mozilla Firefox\firefox.exe with args ["-marionette"]
1563245928526	addons.manager	ERROR	startup failed: [Exception... "Component returned failure code: 0x80070057 (NS_ERROR_ILLEGAL_VALUE) [nsIFile.create]"  nsresult: "0x80070057 (NS_ERROR_ILLEGAL_VALUE)"  location: "JS frame :: resource://gre/modules/FileUtils.jsm :: FileUtils_getDir :: line 70"  data: no] Stack trace: FileUtils_getDir()@resource://gre/modules/FileUtils.jsm:70 < FileUtils_getFile()@resource://gre/modules/FileUtils.jsm:42 < AddonManagerInternal.validateBlocklist()@resource://gre/modules/AddonManager.jsm:700 < AddonManagerInternal.startup()@resource://gre/modules/AddonManager.jsm:870 < this.AddonManagerPrivate.startup()@resource://gre/modules/AddonManager.jsm:3033 < amManager.prototype.observe()@resource://gre/components/addonManager.js:65
JavaScript error: resource://gre/modules/AddonManager.jsm, line 1677: NS_ERROR_NOT_INITIALIZED: AddonManager is not initialized
1563245930245	Marionette	INFO	Listening on port 58572
1563245931430	Marionette	WARN	TLS certificate errors will be ignored for this session
JavaScript error: resource://gre/modules/AddonManager.jsm, line 2585: NS_ERROR_NOT_INITIALIZED: AddonManager is not initialized
JavaScript error: resource://gre/modules/FileUtils.jsm, line 70: NS_ERROR_ILLEGAL_VALUE: Component returned failure code: 0x80070057 (NS_ERROR_ILLEGAL_VALUE) [nsIFile.create]
1563245997208	geckodriver	INFO	Listening on 127.0.0.1:58657
1563246000318	geckodriver::marionette	INFO	Starting browser \\?\D:\Program Files (x86)\Mozilla Firefox\firefox.exe with args ["-marionette"]
1563246000845	addons.manager	ERROR	startup failed: [Exception... "Component returned failure code: 0x80070057 (NS_ERROR_ILLEGAL_VALUE) [nsIFile.create]"  nsresult: "0x80070057 (NS_ERROR_ILLEGAL_VALUE)"  location: "JS frame :: resource://gre/modules/FileUtils.jsm :: FileUtils_getDir :: line 70"  data: no] Stack trace: FileUtils_getDir()@resource://gre/modules/FileUtils.jsm:70 < FileUtils_getFile()@resource://gre/modules/FileUtils.jsm:42 < AddonManagerInternal.validateBlocklist()@resource://gre/modules/AddonManager.jsm:700 < AddonManagerInternal.startup()@resource://gre/modules/AddonManager.jsm:870 < this.AddonManagerPrivate.startup()@resource://gre/modules/AddonManager.jsm:3033 < amManager.prototype.observe()@resource://gre/components/addonManager.js:65
JavaScript error: resource://gre/modules/AddonManager.jsm, line 1677: NS_ERROR_NOT_INITIALIZED: AddonManager is not initialized
1563246002281	Marionette	INFO	Listening on port 58667
1563246002385	Marionette	WARN	TLS certificate errors will be ignored for this session
JavaScript error: resource://gre/modules/AddonManager.jsm, line 2585: NS_ERROR_NOT_INITIALIZED: AddonManager is not initialized
JavaScript error: resource://gre/modules/FileUtils.jsm, line 70: NS_ERROR_ILLEGAL_VALUE: Component returned failure code: 0x80070057 (NS_ERROR_ILLEGAL_VALUE) [nsIFile.create]
1563246642647	geckodriver	INFO	Listening on 127.0.0.1:59081
1563246645719	geckodriver::marionette	INFO	Starting browser \\?\D:\Program Files (x86)\Mozilla Firefox\firefox.exe with args ["-marionette"]
1563246646546	addons.manager	ERROR	startup failed: [Exception... "Component returned failure code: 0x80070057 (NS_ERROR_ILLEGAL_VALUE) [nsIFile.create]"  nsresult: "0x80070057 (NS_ERROR_ILLEGAL_VALUE)"  location: "JS frame :: resource://gre/modules/FileUtils.jsm :: FileUtils_getDir :: line 70"  data: no] Stack trace: FileUtils_getDir()@resource://gre/modules/FileUtils.jsm:70 < FileUtils_getFile()@resource://gre/modules/FileUtils.jsm:42 < AddonManagerInternal.validateBlocklist()@resource://gre/modules/AddonManager.jsm:700 < AddonManagerInternal.startup()@resource://gre/modules/AddonManager.jsm:870 < this.AddonManagerPrivate.startup()@resource://gre/modules/AddonManager.jsm:3033 < amManager.prototype.observe()@resource://gre/components/addonManager.js:65
JavaScript error: resource://gre/modules/AddonManager.jsm, line 1677: NS_ERROR_NOT_INITIALIZED: AddonManager is not initialized
1563246648166	Marionette	INFO	Listening on port 59089
1563246648882	Marionette	WARN	TLS certificate errors will be ignored for this session
JavaScript error: resource://gre/modules/AddonManager.jsm, line 2585: NS_ERROR_NOT_INITIALIZED: AddonManager is not initialized
JavaScript error: resource://gre/modules/FileUtils.jsm, line 70: NS_ERROR_ILLEGAL_VALUE: Component returned failure code: 0x80070057 (NS_ERROR_ILLEGAL_VALUE) [nsIFile.create]
1563246714137	addons.productaddons	WARN	Failed downloading via XHR, status: 0, reason: error
1563246714139	addons.productaddons	WARN	Failed downloading via XHR, status: 0, reason: error
1563246825067	geckodriver	INFO	Listening on 127.0.0.1:59189
1563246828184	geckodriver::marionette	INFO	Starting browser \\?\D:\Program Files (x86)\Mozilla Firefox\firefox.exe with args ["-marionette"]
1563246829023	addons.manager	ERROR	startup failed: [Exception... "Component returned failure code: 0x80070057 (NS_ERROR_ILLEGAL_VALUE) [nsIFile.create]"  nsresult: "0x80070057 (NS_ERROR_ILLEGAL_VALUE)"  location: "JS frame :: resource://gre/modules/FileUtils.jsm :: FileUtils_getDir :: line 70"  data: no] Stack trace: FileUtils_getDir()@resource://gre/modules/FileUtils.jsm:70 < FileUtils_getFile()@resource://gre/modules/FileUtils.jsm:42 < AddonManagerInternal.validateBlocklist()@resource://gre/modules/AddonManager.jsm:700 < AddonManagerInternal.startup()@resource://gre/modules/AddonManager.jsm:870 < this.AddonManagerPrivate.startup()@resource://gre/modules/AddonManager.jsm:3033 < amManager.prototype.observe()@resource://gre/components/addonManager.js:65
JavaScript error: resource://gre/modules/AddonManager.jsm, line 1677: NS_ERROR_NOT_INITIALIZED: AddonManager is not initialized
1563246830357	Marionette	INFO	Listening on port 59200
1563246831361	Marionette	WARN	TLS certificate errors will be ignored for this session
JavaScript error: resource://gre/modules/AddonManager.jsm, line 2585: NS_ERROR_NOT_INITIALIZED: AddonManager is not initialized
JavaScript error: resource://gre/modules/FileUtils.jsm, line 70: NS_ERROR_ILLEGAL_VALUE: Component returned failure code: 0x80070057 (NS_ERROR_ILLEGAL_VALUE) [nsIFile.create]
JavaScript error: resource://app/modules/WindowsJumpLists.jsm, line 403: NS_ERROR_FILE_NOT_FOUND: Component returned failure code: 0x80520012 (NS_ERROR_FILE_NOT_FOUND) [nsIJumpListShortcut.app]
JavaScript error: resource://app/modules/WindowsJumpLists.jsm, line 403: NS_ERROR_FILE_NOT_FOUND: Component returned failure code: 0x80520012 (NS_ERROR_FILE_NOT_FOUND) [nsIJumpListShortcut.app]
JavaScript error: resource://app/modules/WindowsJumpLists.jsm, line 403: NS_ERROR_FILE_NOT_FOUND: Component returned failure code: 0x80520012 (NS_ERROR_FILE_NOT_FOUND) [nsIJumpListShortcut.app]
JavaScript error: resource://app/modules/WindowsJumpLists.jsm, line 403: NS_ERROR_FILE_NOT_FOUND: Component returned failure code: 0x80520012 (NS_ERROR_FILE_NOT_FOUND) [nsIJumpListShortcut.app]
JavaScript error: resource://gre/modules/AddonManager.jsm, line 1434: NS_ERROR_NOT_INITIALIZED: AddonManager is not initialized
JavaScript error: resource://app/modules/WindowsJumpLists.jsm, line 403: NS_ERROR_FILE_NOT_FOUND: Component returned failure code: 0x80520012 (NS_ERROR_FILE_NOT_FOUND) [nsIJumpListShortcut.app]
*************************
A coding exception was thrown and uncaught in a Task.

Full message: TypeError: NetworkError when attempting to fetch resource.
Full stack: 
*************************
JavaScript error: resource://app/modules/WindowsJumpLists.jsm, line 403: NS_ERROR_FILE_NOT_FOUND: Component returned failure code: 0x80520012 (NS_ERROR_FILE_NOT_FOUND) [nsIJumpListShortcut.app]
JavaScript error: resource://app/modules/WindowsJumpLists.jsm, line 403: NS_ERROR_FILE_NOT_FOUND: Component returned failure code: 0x80520012 (NS_ERROR_FILE_NOT_FOUND) [nsIJumpListShortcut.app]
1563247714116	geckodriver	INFO	Listening on 127.0.0.1:59626
1563247717184	geckodriver::marionette	INFO	Starting browser \\?\D:\Program Files (x86)\Mozilla Firefox\firefox.exe with args ["-marionette"]
1563247717974	addons.manager	ERROR	startup failed: [Exception... "Component returned failure code: 0x80070057 (NS_ERROR_ILLEGAL_VALUE) [nsIFile.create]"  nsresult: "0x80070057 (NS_ERROR_ILLEGAL_VALUE)"  location: "JS frame :: resource://gre/modules/FileUtils.jsm :: FileUtils_getDir :: line 70"  data: no] Stack trace: FileUtils_getDir()@resource://gre/modules/FileUtils.jsm:70 < FileUtils_getFile()@resource://gre/modules/FileUtils.jsm:42 < AddonManagerInternal.validateBlocklist()@resource://gre/modules/AddonManager.jsm:700 < AddonManagerInternal.startup()@resource://gre/modules/AddonManager.jsm:870 < this.AddonManagerPrivate.startup()@resource://gre/modules/AddonManager.jsm:3033 < amManager.prototype.observe()@resource://gre/components/addonManager.js:65
JavaScript error: resource://gre/modules/AddonManager.jsm, line 1677: NS_ERROR_NOT_INITIALIZED: AddonManager is not initialized
1563247719333	Marionette	INFO	Listening on port 59634
1563247720440	Marionette	WARN	TLS certificate errors will be ignored for this session
JavaScript error: resource://gre/modules/AddonManager.jsm, line 2585: NS_ERROR_NOT_INITIALIZED: AddonManager is not initialized
JavaScript error: resource://gre/modules/FileUtils.jsm, line 70: NS_ERROR_ILLEGAL_VALUE: Component returned failure code: 0x80070057 (NS_ERROR_ILLEGAL_VALUE) [nsIFile.create]
